<?xml version="1.0" encoding="UTF-8"?>
<!-- Generated by org.testng.reporters.JUnitReportReporter -->
<testsuite hostname="MBP-23.local" failures="0" tests="3" name="ParallelTests.ParallelNG" time="31.709" errors="0" timestamp="2021-09-23T14:24:02 PDT" skipped="0">
  <testcase classname="ParallelTests.ParallelNG" name="session2" time="11.959"/>
  <system-out/>
  <testcase classname="ParallelTests.ParallelNG" name="session1" time="9.662"/>
  <system-out/>
  <testcase classname="ParallelTests.ParallelNG" name="session0" time="10.088"/>
  <system-out/>
</testsuite> <!-- ParallelTests.ParallelNG -->
