<?xml version="1.0" encoding="UTF-8"?>
<!-- Generated by org.testng.reporters.JUnitReportReporter -->
<testsuite hostname="MBP-23.local" failures="0" tests="2" name="PomDemoTests.TestSearchBar" time="3.089" errors="0" timestamp="2021-09-23T10:38:52 PDT" skipped="0">
  <testcase classname="PomDemoTests.TestSearchBar" name="napoleonSearch" time="1.632"/>
  <system-out/>
  <testcase classname="PomDemoTests.TestSearchBar" name="capySearch" time="1.457"/>
  <system-out/>
</testsuite> <!-- PomDemoTests.TestSearchBar -->
